app/intermediates/manifest_merge_blame_file/release/manifest-merger-blame-release-report.txt
1<?xml version="1.0" encoding="utf-8"?>
2<manifest xmlns:android="http://schemas.android.com/apk/res/android"
3    package="com.career.crafter"
4    android:versionCode="1"
5    android:versionName="1.0.0" >
6
7    <uses-sdk
8        android:minSdkVersion="21"
8-->src\main\AndroidManifest.xml
9        android:targetSdkVersion="33" />
9-->src\main\AndroidManifest.xml
10
11    <uses-permission android:name="android.permission.INTERNET" />
11-->src\main\AndroidManifest.xml:7:5-66
11-->src\main\AndroidManifest.xml:7:22-64
12    <uses-permission android:name="android.permission.ACCESS_NETWORK_STATE" />
12-->src\main\AndroidManifest.xml:8:5-78
12-->src\main\AndroidManifest.xml:8:22-76
13    <uses-permission android:name="android.permission.WRITE_EXTERNAL_STORAGE" />
13-->src\main\AndroidManifest.xml:9:5-80
13-->src\main\AndroidManifest.xml:9:22-78
14    <uses-permission android:name="android.permission.CAMERA" />
14-->src\main\AndroidManifest.xml:10:5-65
14-->src\main\AndroidManifest.xml:10:22-62
15    <uses-permission android:name="android.permission.INTERNET" />
15-->src\main\AndroidManifest.xml:7:5-66
15-->src\main\AndroidManifest.xml:7:22-64
16    <uses-permission android:name="android.permission.BLUETOOTH" />
16-->src\main\AndroidManifest.xml:12:5-67
16-->src\main\AndroidManifest.xml:12:22-65
17    <uses-permission android:name="android.permission.BLUETOOTH_ADMIN" />
17-->src\main\AndroidManifest.xml:13:5-73
17-->src\main\AndroidManifest.xml:13:22-71
18    <uses-permission android:name="android.permission.BLUETOOTH_CONNECT" />
18-->src\main\AndroidManifest.xml:14:5-75
18-->src\main\AndroidManifest.xml:14:22-73
19    <uses-permission android:name="com.android.vending.BILLING" />
19-->src\main\AndroidManifest.xml:15:5-67
19-->src\main\AndroidManifest.xml:15:22-64
20    <uses-permission android:name="android.permission.FOREGROUND_SERVICE" />
20-->src\main\AndroidManifest.xml:16:1-73
20-->src\main\AndroidManifest.xml:16:18-70
21
22    <!--
23     <queries>
24        <provider android:authorities="com.facebook.katana.provider.PlatformProvider" />
25    </queries>
26    -->
27    <!-- Provide required visibility configuration for API level 30 and above -->
28    <queries>
28-->src\main\AndroidManifest.xml:22:1-37:11
29
30        <!-- If your app checks for SMS support -->
31        <intent>
31-->src\main\AndroidManifest.xml:24:3-27:12
32            <action android:name="android.intent.action.VIEW" />
32-->src\main\AndroidManifest.xml:25:5-57
32-->src\main\AndroidManifest.xml:25:13-54
33
34            <data android:scheme="sms" />
34-->src\main\AndroidManifest.xml:26:5-34
34-->src\main\AndroidManifest.xml:26:11-31
35        </intent>
36        <!-- If your app checks for call support -->
37        <intent>
37-->src\main\AndroidManifest.xml:29:3-32:12
38            <action android:name="android.intent.action.VIEW" />
38-->src\main\AndroidManifest.xml:25:5-57
38-->src\main\AndroidManifest.xml:25:13-54
39
40            <data android:scheme="tel" />
40-->src\main\AndroidManifest.xml:26:5-34
40-->src\main\AndroidManifest.xml:26:11-31
41        </intent>
42        <intent>
42-->src\main\AndroidManifest.xml:33:4-36:14
43            <action android:name="android.intent.action.SEND" />
43-->src\main\AndroidManifest.xml:34:9-61
43-->src\main\AndroidManifest.xml:34:17-58
44
45            <data android:mimeType="*/*" />
45-->src\main\AndroidManifest.xml:26:5-34
45-->src\main\AndroidManifest.xml:35:15-37
46        </intent>
47        <intent>
47-->[:file_picker] AndroidManifest.xml:12:9-16:18
48            <action android:name="android.intent.action.GET_CONTENT" />
48-->[:file_picker] AndroidManifest.xml:13:13-72
48-->[:file_picker] AndroidManifest.xml:13:21-69
49
50            <data android:mimeType="*/*" />
50-->src\main\AndroidManifest.xml:26:5-34
50-->src\main\AndroidManifest.xml:35:15-37
51        </intent>
52        <intent>
52-->[androidx.media2:media2-session:1.2.1] AndroidManifest.xml:25:9-27:18
53            <action android:name="android.media.browse.MediaBrowserService" />
53-->[androidx.media2:media2-session:1.2.1] AndroidManifest.xml:26:13-79
53-->[androidx.media2:media2-session:1.2.1] AndroidManifest.xml:26:21-76
54        </intent>
55        <intent>
55-->[androidx.media2:media2-session:1.2.1] AndroidManifest.xml:28:9-30:18
56            <action android:name="androidx.media2.session.MediaSessionService" />
56-->[androidx.media2:media2-session:1.2.1] AndroidManifest.xml:29:13-82
56-->[androidx.media2:media2-session:1.2.1] AndroidManifest.xml:29:21-79
57        </intent>
58        <intent>
58-->[androidx.media2:media2-session:1.2.1] AndroidManifest.xml:31:9-33:18
59            <action android:name="androidx.media2.session.MediaLibraryService" />
59-->[androidx.media2:media2-session:1.2.1] AndroidManifest.xml:32:13-82
59-->[androidx.media2:media2-session:1.2.1] AndroidManifest.xml:32:21-79
60        </intent>
61    </queries>
62    <queries>
62-->src\main\AndroidManifest.xml:22:1-37:11
63        <intent>
63-->src\main\AndroidManifest.xml:39:5-41:14
64            <action android:name="android.speech.RecognitionService" />
64-->src\main\AndroidManifest.xml:40:9-68
64-->src\main\AndroidManifest.xml:40:17-65
65        </intent>
66    </queries>
67
68    <uses-permission android:name="android.permission.WAKE_LOCK" /> <!-- Permissions options for the `notification` group -->
68-->[:firebase_messaging] AndroidManifest.xml:10:5-68
68-->[:firebase_messaging] AndroidManifest.xml:10:22-65
69    <uses-permission android:name="android.permission.POST_NOTIFICATIONS" />
69-->[:firebase_messaging] AndroidManifest.xml:13:5-77
69-->[:firebase_messaging] AndroidManifest.xml:13:22-74
70    <uses-permission
70-->[:file_picker] AndroidManifest.xml:9:5-80
71        android:name="android.permission.READ_EXTERNAL_STORAGE"
71-->[:file_picker] AndroidManifest.xml:9:22-77
72        android:maxSdkVersion="32" />
72-->[:open_filex] AndroidManifest.xml:12:9-35
73    <uses-permission android:name="android.permission.READ_MEDIA_IMAGES" />
73-->[:open_filex] AndroidManifest.xml:13:5-76
73-->[:open_filex] AndroidManifest.xml:13:22-73
74    <uses-permission android:name="android.permission.READ_MEDIA_VIDEO" />
74-->[:open_filex] AndroidManifest.xml:14:5-75
74-->[:open_filex] AndroidManifest.xml:14:22-72
75    <uses-permission android:name="android.permission.READ_MEDIA_AUDIO" /> <!-- Required by older versions of Google Play services to create IID tokens -->
75-->[:open_filex] AndroidManifest.xml:15:5-75
75-->[:open_filex] AndroidManifest.xml:15:22-72
76    <uses-permission android:name="com.google.android.c2dm.permission.RECEIVE" />
76-->[com.google.firebase:firebase-messaging:23.2.0] AndroidManifest.xml:28:5-82
76-->[com.google.firebase:firebase-messaging:23.2.0] AndroidManifest.xml:28:22-79
77    <uses-permission android:name="com.google.android.gms.permission.AD_ID" />
77-->[com.google.android.gms:play-services-measurement-api:21.3.0] AndroidManifest.xml:25:5-79
77-->[com.google.android.gms:play-services-measurement-api:21.3.0] AndroidManifest.xml:25:22-76
78    <uses-permission android:name="com.google.android.finsky.permission.BIND_GET_INSTALL_REFERRER_SERVICE" />
78-->[com.google.android.gms:play-services-measurement:21.3.0] AndroidManifest.xml:26:5-110
78-->[com.google.android.gms:play-services-measurement:21.3.0] AndroidManifest.xml:26:22-107
79
80    <permission
80-->[androidx.core:core:1.10.1] AndroidManifest.xml:22:5-24:47
81        android:name="com.career.crafter.DYNAMIC_RECEIVER_NOT_EXPORTED_PERMISSION"
81-->[androidx.core:core:1.10.1] AndroidManifest.xml:23:9-81
82        android:protectionLevel="signature" />
82-->[androidx.core:core:1.10.1] AndroidManifest.xml:24:9-44
83
84    <uses-permission android:name="com.career.crafter.DYNAMIC_RECEIVER_NOT_EXPORTED_PERMISSION" />
84-->[androidx.core:core:1.10.1] AndroidManifest.xml:26:5-97
84-->[androidx.core:core:1.10.1] AndroidManifest.xml:26:22-94
85
86    <application
87        android:name="android.app.Application"
87-->src\main\AndroidManifest.xml:45:9-42
88        android:appComponentFactory="androidx.core.app.CoreComponentFactory"
88-->[androidx.core:core:1.10.1] AndroidManifest.xml:28:18-86
89        android:icon="@mipmap/launcher_icon"
89-->src\main\AndroidManifest.xml:47:9-45
90        android:label="CareerCrafter.AI"
90-->src\main\AndroidManifest.xml:44:9-41
91        android:requestLegacyExternalStorage="true" >
91-->src\main\AndroidManifest.xml:46:9-52
92        <activity
92-->src\main\AndroidManifest.xml:48:9-74:20
93            android:name="com.career.crafter.MainActivity"
93-->src\main\AndroidManifest.xml:49:13-41
94            android:configChanges="orientation|keyboardHidden|keyboard|screenSize|smallestScreenSize|locale|layoutDirection|fontScale|screenLayout|density|uiMode"
94-->src\main\AndroidManifest.xml:54:13-163
95            android:exported="true"
95-->src\main\AndroidManifest.xml:50:13-36
96            android:hardwareAccelerated="true"
96-->src\main\AndroidManifest.xml:55:13-47
97            android:launchMode="singleTop"
97-->src\main\AndroidManifest.xml:51:13-43
98            android:theme="@style/LaunchTheme"
98-->src\main\AndroidManifest.xml:52:13-47
99            android:windowSoftInputMode="adjustResize" >
99-->src\main\AndroidManifest.xml:56:13-55
100
101            <!--
102                 Specifies an Android theme to apply to this Activity as soon as
103                 the Android process has started. This theme is visible to the user
104                 while the Flutter UI initializes. After that, this theme continues
105                 to determine the Window background behind the Flutter UI.
106            -->
107            <meta-data
107-->src\main\AndroidManifest.xml:61:13-64:17
108                android:name="io.flutter.embedding.android.NormalTheme"
108-->src\main\AndroidManifest.xml:62:15-70
109                android:resource="@style/NormalTheme" />
109-->src\main\AndroidManifest.xml:63:15-52
110
111            <intent-filter>
111-->src\main\AndroidManifest.xml:66:17-69:29
112                <action android:name="FLUTTER_NOTIFICATION_CLICK" />
112-->src\main\AndroidManifest.xml:67:17-69
112-->src\main\AndroidManifest.xml:67:25-66
113
114                <category android:name="android.intent.category.DEFAULT" />
114-->src\main\AndroidManifest.xml:68:17-76
114-->src\main\AndroidManifest.xml:68:27-73
115            </intent-filter>
116            <intent-filter>
116-->src\main\AndroidManifest.xml:70:13-73:29
117                <action android:name="android.intent.action.MAIN" />
117-->src\main\AndroidManifest.xml:71:17-68
117-->src\main\AndroidManifest.xml:71:25-66
118
119                <category android:name="android.intent.category.LAUNCHER" />
119-->src\main\AndroidManifest.xml:72:17-76
119-->src\main\AndroidManifest.xml:72:27-74
120            </intent-filter>
121        </activity>
122
123        <meta-data
123-->src\main\AndroidManifest.xml:76:9-78:63
124            android:name="com.google.android.gms.ads.APPLICATION_ID"
124-->src\main\AndroidManifest.xml:77:7-63
125            android:value="ca-app-pub-1794462625745415~5191776024" />
125-->src\main\AndroidManifest.xml:78:7-61
126        <!--
127             Don't delete the meta-data below.
128             This is used by the Flutter tool to generate GeneratedPluginRegistrant.java
129        -->
130        <meta-data
130-->src\main\AndroidManifest.xml:81:9-83:33
131            android:name="flutterEmbedding"
131-->src\main\AndroidManifest.xml:82:13-44
132            android:value="2" />
132-->src\main\AndroidManifest.xml:83:13-30
133
134        <activity
134-->src\main\AndroidManifest.xml:85:14-88:71
135            android:name="com.yalantis.ucrop.UCropActivity"
135-->src\main\AndroidManifest.xml:86:13-60
136            android:screenOrientation="portrait"
136-->src\main\AndroidManifest.xml:87:13-49
137            android:theme="@style/Theme.AppCompat.Light.NoActionBar" />
137-->src\main\AndroidManifest.xml:88:13-69
138
139        <service
139-->[:firebase_messaging] AndroidManifest.xml:16:9-19:72
140            android:name="io.flutter.plugins.firebase.messaging.FlutterFirebaseMessagingBackgroundService"
140-->[:firebase_messaging] AndroidManifest.xml:17:13-107
141            android:exported="false"
141-->[:firebase_messaging] AndroidManifest.xml:18:13-37
142            android:permission="android.permission.BIND_JOB_SERVICE" />
142-->[:firebase_messaging] AndroidManifest.xml:19:13-69
143        <service
143-->[:firebase_messaging] AndroidManifest.xml:20:9-26:19
144            android:name="io.flutter.plugins.firebase.messaging.FlutterFirebaseMessagingService"
144-->[:firebase_messaging] AndroidManifest.xml:21:13-97
145            android:exported="false" >
145-->[:firebase_messaging] AndroidManifest.xml:22:13-37
146            <intent-filter>
146-->[:firebase_messaging] AndroidManifest.xml:23:13-25:29
147                <action android:name="com.google.firebase.MESSAGING_EVENT" />
147-->[:firebase_messaging] AndroidManifest.xml:24:17-78
147-->[:firebase_messaging] AndroidManifest.xml:24:25-75
148            </intent-filter>
149        </service>
150
151        <receiver
151-->[:firebase_messaging] AndroidManifest.xml:28:9-35:20
152            android:name="io.flutter.plugins.firebase.messaging.FlutterFirebaseMessagingReceiver"
152-->[:firebase_messaging] AndroidManifest.xml:29:13-98
153            android:exported="true"
153-->[:firebase_messaging] AndroidManifest.xml:30:13-36
154            android:permission="com.google.android.c2dm.permission.SEND" >
154-->[:firebase_messaging] AndroidManifest.xml:31:13-73
155            <intent-filter>
155-->[:firebase_messaging] AndroidManifest.xml:32:13-34:29
156                <action android:name="com.google.android.c2dm.intent.RECEIVE" />
156-->[:firebase_messaging] AndroidManifest.xml:33:17-81
156-->[:firebase_messaging] AndroidManifest.xml:33:25-78
157            </intent-filter>
158        </receiver>
159
160        <service
160-->[:firebase_messaging] AndroidManifest.xml:37:9-41:19
161            android:name="com.google.firebase.components.ComponentDiscoveryService"
161-->[:firebase_messaging] AndroidManifest.xml:37:18-89
162            android:directBootAware="true"
162-->[com.google.firebase:firebase-common:20.3.3] AndroidManifest.xml:34:13-43
163            android:exported="false" >
163-->[com.google.firebase:firebase-auth:22.1.0] AndroidManifest.xml:68:13-37
164            <meta-data
164-->[:firebase_messaging] AndroidManifest.xml:38:13-40:85
165                android:name="com.google.firebase.components:io.flutter.plugins.firebase.messaging.FlutterFirebaseAppRegistrar"
165-->[:firebase_messaging] AndroidManifest.xml:39:17-128
166                android:value="com.google.firebase.components.ComponentRegistrar" />
166-->[:firebase_messaging] AndroidManifest.xml:40:17-82
167            <meta-data
167-->[:cloud_firestore] AndroidManifest.xml:11:13-13:85
168                android:name="com.google.firebase.components:io.flutter.plugins.firebase.firestore.FlutterFirebaseFirestoreRegistrar"
168-->[:cloud_firestore] AndroidManifest.xml:12:17-134
169                android:value="com.google.firebase.components.ComponentRegistrar" />
169-->[:cloud_firestore] AndroidManifest.xml:13:17-82
170            <meta-data
170-->[:firebase_auth] AndroidManifest.xml:11:13-13:85
171                android:name="com.google.firebase.components:io.flutter.plugins.firebase.auth.FlutterFirebaseAuthRegistrar"
171-->[:firebase_auth] AndroidManifest.xml:12:17-124
172                android:value="com.google.firebase.components.ComponentRegistrar" />
172-->[:firebase_auth] AndroidManifest.xml:13:17-82
173            <meta-data
173-->[:firebase_core] AndroidManifest.xml:11:13-13:85
174                android:name="com.google.firebase.components:io.flutter.plugins.firebase.core.FlutterFirebaseCoreRegistrar"
174-->[:firebase_core] AndroidManifest.xml:12:17-124
175                android:value="com.google.firebase.components.ComponentRegistrar" />
175-->[:firebase_core] AndroidManifest.xml:13:17-82
176            <meta-data
176-->[com.google.firebase:firebase-auth:22.1.0] AndroidManifest.xml:69:13-71:85
177                android:name="com.google.firebase.components:com.google.firebase.auth.FirebaseAuthRegistrar"
177-->[com.google.firebase:firebase-auth:22.1.0] AndroidManifest.xml:70:17-109
178                android:value="com.google.firebase.components.ComponentRegistrar" />
178-->[com.google.firebase:firebase-auth:22.1.0] AndroidManifest.xml:71:17-82
179            <meta-data
179-->[com.google.firebase:firebase-messaging:23.2.0] AndroidManifest.xml:55:13-57:85
180                android:name="com.google.firebase.components:com.google.firebase.messaging.FirebaseMessagingRegistrar"
180-->[com.google.firebase:firebase-messaging:23.2.0] AndroidManifest.xml:56:17-119
181                android:value="com.google.firebase.components.ComponentRegistrar" />
181-->[com.google.firebase:firebase-messaging:23.2.0] AndroidManifest.xml:57:17-82
182            <meta-data
182-->[com.google.firebase:firebase-firestore:24.7.0] AndroidManifest.xml:19:13-21:85
183                android:name="com.google.firebase.components:com.google.firebase.firestore.FirestoreRegistrar"
183-->[com.google.firebase:firebase-firestore:24.7.0] AndroidManifest.xml:20:17-111
184                android:value="com.google.firebase.components.ComponentRegistrar" />
184-->[com.google.firebase:firebase-firestore:24.7.0] AndroidManifest.xml:21:17-82
185            <meta-data
185-->[com.google.firebase:firebase-iid:21.1.0] AndroidManifest.xml:32:13-34:85
186                android:name="com.google.firebase.components:com.google.firebase.iid.Registrar"
186-->[com.google.firebase:firebase-iid:21.1.0] AndroidManifest.xml:33:17-96
187                android:value="com.google.firebase.components.ComponentRegistrar" />
187-->[com.google.firebase:firebase-iid:21.1.0] AndroidManifest.xml:34:17-82
188            <meta-data
188-->[com.google.android.gms:play-services-measurement-api:21.3.0] AndroidManifest.xml:31:13-33:85
189                android:name="com.google.firebase.components:com.google.firebase.analytics.connector.internal.AnalyticsConnectorRegistrar"
189-->[com.google.android.gms:play-services-measurement-api:21.3.0] AndroidManifest.xml:32:17-139
190                android:value="com.google.firebase.components.ComponentRegistrar" />
190-->[com.google.android.gms:play-services-measurement-api:21.3.0] AndroidManifest.xml:33:17-82
191            <meta-data
191-->[com.google.firebase:firebase-installations:17.1.3] AndroidManifest.xml:17:13-19:85
192                android:name="com.google.firebase.components:com.google.firebase.installations.FirebaseInstallationsRegistrar"
192-->[com.google.firebase:firebase-installations:17.1.3] AndroidManifest.xml:18:17-127
193                android:value="com.google.firebase.components.ComponentRegistrar" />
193-->[com.google.firebase:firebase-installations:17.1.3] AndroidManifest.xml:19:17-82
194            <meta-data
194-->[com.google.firebase:firebase-datatransport:18.1.7] AndroidManifest.xml:27:13-29:85
195                android:name="com.google.firebase.components:com.google.firebase.datatransport.TransportRegistrar"
195-->[com.google.firebase:firebase-datatransport:18.1.7] AndroidManifest.xml:28:17-115
196                android:value="com.google.firebase.components.ComponentRegistrar" />
196-->[com.google.firebase:firebase-datatransport:18.1.7] AndroidManifest.xml:29:17-82
197        </service>
198
199        <provider
199-->[:firebase_messaging] AndroidManifest.xml:43:9-47:38
200            android:name="io.flutter.plugins.firebase.messaging.FlutterFirebaseMessagingInitProvider"
200-->[:firebase_messaging] AndroidManifest.xml:44:13-102
201            android:authorities="com.career.crafter.flutterfirebasemessaginginitprovider"
201-->[:firebase_messaging] AndroidManifest.xml:45:13-88
202            android:exported="false"
202-->[:firebase_messaging] AndroidManifest.xml:46:13-37
203            android:initOrder="99" />
203-->[:firebase_messaging] AndroidManifest.xml:47:13-35
204        <!--
205           Declares a provider which allows us to store files to share in
206           '.../caches/share_plus' and grant the receiving action access
207        -->
208        <provider
208-->[:share_plus] AndroidManifest.xml:15:9-23:20
209            android:name="dev.fluttercommunity.plus.share.ShareFileProvider"
209-->[:share_plus] AndroidManifest.xml:16:13-77
210            android:authorities="com.career.crafter.flutter.share_provider"
210-->[:share_plus] AndroidManifest.xml:17:13-74
211            android:exported="false"
211-->[:share_plus] AndroidManifest.xml:18:13-37
212            android:grantUriPermissions="true" >
212-->[:share_plus] AndroidManifest.xml:19:13-47
213            <meta-data
213-->[:share_plus] AndroidManifest.xml:20:13-22:68
214                android:name="android.support.FILE_PROVIDER_PATHS"
214-->[:share_plus] AndroidManifest.xml:21:17-67
215                android:resource="@xml/flutter_share_file_paths" />
215-->[:share_plus] AndroidManifest.xml:22:17-65
216        </provider>
217        <!--
218           This manifest declared broadcast receiver allows us to use an explicit
219           Intent when creating a PendingItent to be informed of the user's choice
220        -->
221        <receiver
221-->[:share_plus] AndroidManifest.xml:28:9-34:20
222            android:name="dev.fluttercommunity.plus.share.SharePlusPendingIntent"
222-->[:share_plus] AndroidManifest.xml:29:13-82
223            android:exported="false" >
223-->[:share_plus] AndroidManifest.xml:30:13-37
224            <intent-filter>
224-->[:share_plus] AndroidManifest.xml:31:13-33:29
225                <action android:name="EXTRA_CHOSEN_COMPONENT" />
225-->[:share_plus] AndroidManifest.xml:32:17-65
225-->[:share_plus] AndroidManifest.xml:32:25-62
226            </intent-filter>
227        </receiver>
228
229        <provider
229-->[:image_picker_android] AndroidManifest.xml:10:9-18:20
230            android:name="io.flutter.plugins.imagepicker.ImagePickerFileProvider"
230-->[:image_picker_android] AndroidManifest.xml:11:13-82
231            android:authorities="com.career.crafter.flutter.image_provider"
231-->[:image_picker_android] AndroidManifest.xml:12:13-74
232            android:exported="false"
232-->[:image_picker_android] AndroidManifest.xml:13:13-37
233            android:grantUriPermissions="true" >
233-->[:image_picker_android] AndroidManifest.xml:14:13-47
234            <meta-data
234-->[:share_plus] AndroidManifest.xml:20:13-22:68
235                android:name="android.support.FILE_PROVIDER_PATHS"
235-->[:share_plus] AndroidManifest.xml:21:17-67
236                android:resource="@xml/flutter_image_picker_file_paths" />
236-->[:share_plus] AndroidManifest.xml:22:17-65
237        </provider>
238
239        <activity
239-->[:url_launcher_android] AndroidManifest.xml:10:9-13:74
240            android:name="io.flutter.plugins.urllauncher.WebViewActivity"
240-->[:url_launcher_android] AndroidManifest.xml:11:13-74
241            android:exported="false"
241-->[:url_launcher_android] AndroidManifest.xml:12:13-37
242            android:theme="@android:style/Theme.NoTitleBar.Fullscreen" />
242-->[:url_launcher_android] AndroidManifest.xml:13:13-71
243
244        <provider
244-->[:open_filex] AndroidManifest.xml:18:9-27:20
245            android:name="com.crazecoder.openfile.FileProvider"
245-->[:open_filex] AndroidManifest.xml:19:13-64
246            android:authorities="com.career.crafter.fileProvider.com.crazecoder.openfile"
246-->[:open_filex] AndroidManifest.xml:20:13-88
247            android:exported="false"
247-->[:open_filex] AndroidManifest.xml:21:13-37
248            android:grantUriPermissions="true" >
248-->[:open_filex] AndroidManifest.xml:22:13-47
249            <meta-data
249-->[:share_plus] AndroidManifest.xml:20:13-22:68
250                android:name="android.support.FILE_PROVIDER_PATHS"
250-->[:share_plus] AndroidManifest.xml:21:17-67
251                android:resource="@xml/filepaths" />
251-->[:share_plus] AndroidManifest.xml:22:17-65
252        </provider>
253
254        <uses-library
254-->[androidx.window:window:1.0.0] AndroidManifest.xml:25:9-27:40
255            android:name="androidx.window.extensions"
255-->[androidx.window:window:1.0.0] AndroidManifest.xml:26:13-54
256            android:required="false" />
256-->[androidx.window:window:1.0.0] AndroidManifest.xml:27:13-37
257        <uses-library
257-->[androidx.window:window:1.0.0] AndroidManifest.xml:28:9-30:40
258            android:name="androidx.window.sidecar"
258-->[androidx.window:window:1.0.0] AndroidManifest.xml:29:13-51
259            android:required="false" />
259-->[androidx.window:window:1.0.0] AndroidManifest.xml:30:13-37
260
261        <activity
261-->[com.google.android.gms:play-services-auth:20.6.0] AndroidManifest.xml:23:9-27:75
262            android:name="com.google.android.gms.auth.api.signin.internal.SignInHubActivity"
262-->[com.google.android.gms:play-services-auth:20.6.0] AndroidManifest.xml:24:13-93
263            android:excludeFromRecents="true"
263-->[com.google.android.gms:play-services-auth:20.6.0] AndroidManifest.xml:25:13-46
264            android:exported="false"
264-->[com.google.android.gms:play-services-auth:20.6.0] AndroidManifest.xml:26:13-37
265            android:theme="@android:style/Theme.Translucent.NoTitleBar" />
265-->[com.google.android.gms:play-services-auth:20.6.0] AndroidManifest.xml:27:13-72
266        <!--
267            Service handling Google Sign-In user revocation. For apps that do not integrate with
268            Google Sign-In, this service will never be started.
269        -->
270        <service
270-->[com.google.android.gms:play-services-auth:20.6.0] AndroidManifest.xml:33:9-37:51
271            android:name="com.google.android.gms.auth.api.signin.RevocationBoundService"
271-->[com.google.android.gms:play-services-auth:20.6.0] AndroidManifest.xml:34:13-89
272            android:exported="true"
272-->[com.google.android.gms:play-services-auth:20.6.0] AndroidManifest.xml:35:13-36
273            android:permission="com.google.android.gms.auth.api.signin.permission.REVOCATION_NOTIFICATION"
273-->[com.google.android.gms:play-services-auth:20.6.0] AndroidManifest.xml:36:13-107
274            android:visibleToInstantApps="true" />
274-->[com.google.android.gms:play-services-auth:20.6.0] AndroidManifest.xml:37:13-48
275
276        <activity
276-->[com.google.firebase:firebase-auth:22.1.0] AndroidManifest.xml:29:9-46:20
277            android:name="com.google.firebase.auth.internal.GenericIdpActivity"
277-->[com.google.firebase:firebase-auth:22.1.0] AndroidManifest.xml:30:13-80
278            android:excludeFromRecents="true"
278-->[com.google.firebase:firebase-auth:22.1.0] AndroidManifest.xml:31:13-46
279            android:exported="true"
279-->[com.google.firebase:firebase-auth:22.1.0] AndroidManifest.xml:32:13-36
280            android:launchMode="singleTask"
280-->[com.google.firebase:firebase-auth:22.1.0] AndroidManifest.xml:33:13-44
281            android:theme="@android:style/Theme.Translucent.NoTitleBar" >
281-->[com.google.firebase:firebase-auth:22.1.0] AndroidManifest.xml:34:13-72
282            <intent-filter>
282-->[com.google.firebase:firebase-auth:22.1.0] AndroidManifest.xml:35:13-45:29
283                <action android:name="android.intent.action.VIEW" />
283-->src\main\AndroidManifest.xml:25:5-57
283-->src\main\AndroidManifest.xml:25:13-54
284
285                <category android:name="android.intent.category.DEFAULT" />
285-->src\main\AndroidManifest.xml:68:17-76
285-->src\main\AndroidManifest.xml:68:27-73
286                <category android:name="android.intent.category.BROWSABLE" />
286-->[com.google.firebase:firebase-auth:22.1.0] AndroidManifest.xml:39:17-78
286-->[com.google.firebase:firebase-auth:22.1.0] AndroidManifest.xml:39:27-75
287
288                <data
288-->src\main\AndroidManifest.xml:26:5-34
289                    android:host="firebase.auth"
290                    android:path="/"
291                    android:scheme="genericidp" />
291-->src\main\AndroidManifest.xml:26:11-31
292            </intent-filter>
293        </activity>
294        <activity
294-->[com.google.firebase:firebase-auth:22.1.0] AndroidManifest.xml:47:9-64:20
295            android:name="com.google.firebase.auth.internal.RecaptchaActivity"
295-->[com.google.firebase:firebase-auth:22.1.0] AndroidManifest.xml:48:13-79
296            android:excludeFromRecents="true"
296-->[com.google.firebase:firebase-auth:22.1.0] AndroidManifest.xml:49:13-46
297            android:exported="true"
297-->[com.google.firebase:firebase-auth:22.1.0] AndroidManifest.xml:50:13-36
298            android:launchMode="singleTask"
298-->[com.google.firebase:firebase-auth:22.1.0] AndroidManifest.xml:51:13-44
299            android:theme="@android:style/Theme.Translucent.NoTitleBar" >
299-->[com.google.firebase:firebase-auth:22.1.0] AndroidManifest.xml:52:13-72
300            <intent-filter>
300-->[com.google.firebase:firebase-auth:22.1.0] AndroidManifest.xml:53:13-63:29
301                <action android:name="android.intent.action.VIEW" />
301-->src\main\AndroidManifest.xml:25:5-57
301-->src\main\AndroidManifest.xml:25:13-54
302
303                <category android:name="android.intent.category.DEFAULT" />
303-->src\main\AndroidManifest.xml:68:17-76
303-->src\main\AndroidManifest.xml:68:27-73
304                <category android:name="android.intent.category.BROWSABLE" />
304-->[com.google.firebase:firebase-auth:22.1.0] AndroidManifest.xml:39:17-78
304-->[com.google.firebase:firebase-auth:22.1.0] AndroidManifest.xml:39:27-75
305
306                <data
306-->src\main\AndroidManifest.xml:26:5-34
307                    android:host="firebase.auth"
308                    android:path="/"
309                    android:scheme="recaptcha" />